Analysis & Synthesis report for PBL-2
Thu Mar 03 13:15:27 2016
Quartus II 64-Bit Version 13.0.1 Build 232 06/12/2013 Service Pack 1 SJ Web Edition


---------------------
; Table of Contents ;
---------------------
  1. Legal Notice
  2. Analysis & Synthesis Summary
  3. Analysis & Synthesis Settings
  4. Parallel Compilation
  5. Analysis & Synthesis Source Files Read
  6. Analysis & Synthesis Resource Usage Summary
  7. Analysis & Synthesis Resource Utilization by Entity
  8. General Register Statistics
  9. Parameter Settings for User Entity Instance: ula_32_bits:ULA
 10. Parameter Settings for User Entity Instance: unidade_de_controle_ULA:UNIDADE_CONTR_ULA
 11. Parameter Settings for User Entity Instance: memoria_instrucao:MEMORIA_DE_INSTRUCAO
 12. Parameter Settings for User Entity Instance: memoria_dado:MEMORIA_DE_DADOS
 13. Port Connectivity Checks: "memoria_dado:MEMORIA_DE_DADOS"
 14. Port Connectivity Checks: "memoria_instrucao:MEMORIA_DE_INSTRUCAO"
 15. Port Connectivity Checks: "banco_de_registradores:BANCO_DE_REGISTRADORES"
 16. Port Connectivity Checks: "extensor_de_sinal:EXTENSOR_DE_SINAL"
 17. Port Connectivity Checks: "pc:PC"
 18. Port Connectivity Checks: "unidade_de_controle_ULA:UNIDADE_CONTR_ULA"
 19. Port Connectivity Checks: "ula_32_bits:ULA"
 20. Elapsed Time Per Partition
 21. Analysis & Synthesis Messages



----------------
; Legal Notice ;
----------------
Copyright (C) 1991-2013 Altera Corporation
Your use of Altera Corporation's design tools, logic functions 
and other software and tools, and its AMPP partner logic 
functions, and any output files from any of the foregoing 
(including device programming or simulation files), and any 
associated documentation or information are expressly subject 
to the terms and conditions of the Altera Program License 
Subscription Agreement, Altera MegaCore Function License 
Agreement, or other applicable license agreement, including, 
without limitation, that your use is for the sole purpose of 
programming logic devices manufactured by Altera and sold by 
Altera or its authorized distributors.  Please refer to the 
applicable agreement for further details.



+--------------------------------------------------------------------------------------+
; Analysis & Synthesis Summary                                                         ;
+------------------------------------+-------------------------------------------------+
; Analysis & Synthesis Status        ; Successful - Thu Mar 03 13:15:27 2016           ;
; Quartus II 64-Bit Version          ; 13.0.1 Build 232 06/12/2013 SP 1 SJ Web Edition ;
; Revision Name                      ; PBL-2                                           ;
; Top-level Entity Name              ; PBL_2                                           ;
; Family                             ; Cyclone IV GX                                   ;
; Total logic elements               ; 0                                               ;
;     Total combinational functions  ; 0                                               ;
;     Dedicated logic registers      ; 0                                               ;
; Total registers                    ; 0                                               ;
; Total pins                         ; 1                                               ;
; Total virtual pins                 ; 0                                               ;
; Total memory bits                  ; 0                                               ;
; Embedded Multiplier 9-bit elements ; 0                                               ;
; Total GXB Receiver Channel PCS     ; 0                                               ;
; Total GXB Receiver Channel PMA     ; 0                                               ;
; Total GXB Transmitter Channel PCS  ; 0                                               ;
; Total GXB Transmitter Channel PMA  ; 0                                               ;
; Total PLLs                         ; 0                                               ;
+------------------------------------+-------------------------------------------------+


+----------------------------------------------------------------------------------------------------------------------+
; Analysis & Synthesis Settings                                                                                        ;
+----------------------------------------------------------------------------+--------------------+--------------------+
; Option                                                                     ; Setting            ; Default Value      ;
+----------------------------------------------------------------------------+--------------------+--------------------+
; Top-level entity name                                                      ; PBL_2              ; PBL-2              ;
; Family name                                                                ; Cyclone IV GX      ; Cyclone IV GX      ;
; Use smart compilation                                                      ; Off                ; Off                ;
; Enable parallel Assembler and TimeQuest Timing Analyzer during compilation ; On                 ; On                 ;
; Enable compact report table                                                ; Off                ; Off                ;
; Restructure Multiplexers                                                   ; Auto               ; Auto               ;
; Create Debugging Nodes for IP Cores                                        ; Off                ; Off                ;
; Preserve fewer node names                                                  ; On                 ; On                 ;
; Disable OpenCore Plus hardware evaluation                                  ; Off                ; Off                ;
; Verilog Version                                                            ; Verilog_2001       ; Verilog_2001       ;
; VHDL Version                                                               ; VHDL_1993          ; VHDL_1993          ;
; State Machine Processing                                                   ; Auto               ; Auto               ;
; Safe State Machine                                                         ; Off                ; Off                ;
; Extract Verilog State Machines                                             ; On                 ; On                 ;
; Extract VHDL State Machines                                                ; On                 ; On                 ;
; Ignore Verilog initial constructs                                          ; Off                ; Off                ;
; Iteration limit for constant Verilog loops                                 ; 5000               ; 5000               ;
; Iteration limit for non-constant Verilog loops                             ; 250                ; 250                ;
; Add Pass-Through Logic to Inferred RAMs                                    ; On                 ; On                 ;
; Infer RAMs from Raw Logic                                                  ; On                 ; On                 ;
; Parallel Synthesis                                                         ; On                 ; On                 ;
; DSP Block Balancing                                                        ; Auto               ; Auto               ;
; NOT Gate Push-Back                                                         ; On                 ; On                 ;
; Power-Up Don't Care                                                        ; On                 ; On                 ;
; Remove Redundant Logic Cells                                               ; Off                ; Off                ;
; Remove Duplicate Registers                                                 ; On                 ; On                 ;
; Ignore CARRY Buffers                                                       ; Off                ; Off                ;
; Ignore CASCADE Buffers                                                     ; Off                ; Off                ;
; Ignore GLOBAL Buffers                                                      ; Off                ; Off                ;
; Ignore ROW GLOBAL Buffers                                                  ; Off                ; Off                ;
; Ignore LCELL Buffers                                                       ; Off                ; Off                ;
; Ignore SOFT Buffers                                                        ; On                 ; On                 ;
; Limit AHDL Integers to 32 Bits                                             ; Off                ; Off                ;
; Optimization Technique                                                     ; Balanced           ; Balanced           ;
; Carry Chain Length                                                         ; 70                 ; 70                 ;
; Auto Carry Chains                                                          ; On                 ; On                 ;
; Auto Open-Drain Pins                                                       ; On                 ; On                 ;
; Perform WYSIWYG Primitive Resynthesis                                      ; Off                ; Off                ;
; Auto ROM Replacement                                                       ; On                 ; On                 ;
; Auto RAM Replacement                                                       ; On                 ; On                 ;
; Auto DSP Block Replacement                                                 ; On                 ; On                 ;
; Auto Shift Register Replacement                                            ; Auto               ; Auto               ;
; Allow Shift Register Merging across Hierarchies                            ; Auto               ; Auto               ;
; Auto Clock Enable Replacement                                              ; On                 ; On                 ;
; Strict RAM Replacement                                                     ; Off                ; Off                ;
; Allow Synchronous Control Signals                                          ; On                 ; On                 ;
; Force Use of Synchronous Clear Signals                                     ; Off                ; Off                ;
; Auto RAM Block Balancing                                                   ; On                 ; On                 ;
; Auto RAM to Logic Cell Conversion                                          ; Off                ; Off                ;
; Auto Resource Sharing                                                      ; Off                ; Off                ;
; Allow Any RAM Size For Recognition                                         ; Off                ; Off                ;
; Allow Any ROM Size For Recognition                                         ; Off                ; Off                ;
; Allow Any Shift Register Size For Recognition                              ; Off                ; Off                ;
; Use LogicLock Constraints during Resource Balancing                        ; On                 ; On                 ;
; Ignore translate_off and synthesis_off directives                          ; Off                ; Off                ;
; Timing-Driven Synthesis                                                    ; On                 ; On                 ;
; Report Parameter Settings                                                  ; On                 ; On                 ;
; Report Source Assignments                                                  ; On                 ; On                 ;
; Report Connectivity Checks                                                 ; On                 ; On                 ;
; Ignore Maximum Fan-Out Assignments                                         ; Off                ; Off                ;
; Synchronization Register Chain Length                                      ; 2                  ; 2                  ;
; PowerPlay Power Optimization                                               ; Normal compilation ; Normal compilation ;
; HDL message level                                                          ; Level2             ; Level2             ;
; Suppress Register Optimization Related Messages                            ; Off                ; Off                ;
; Number of Removed Registers Reported in Synthesis Report                   ; 5000               ; 5000               ;
; Number of Swept Nodes Reported in Synthesis Report                         ; 5000               ; 5000               ;
; Number of Inverted Registers Reported in Synthesis Report                  ; 100                ; 100                ;
; Clock MUX Protection                                                       ; On                 ; On                 ;
; Auto Gated Clock Conversion                                                ; Off                ; Off                ;
; Block Design Naming                                                        ; Auto               ; Auto               ;
; SDC constraint protection                                                  ; Off                ; Off                ;
; Synthesis Effort                                                           ; Auto               ; Auto               ;
; Shift Register Replacement - Allow Asynchronous Clear Signal               ; On                 ; On                 ;
; Pre-Mapping Resynthesis Optimization                                       ; Off                ; Off                ;
; Analysis & Synthesis Message Level                                         ; Medium             ; Medium             ;
; Disable Register Merging Across Hierarchies                                ; Auto               ; Auto               ;
; Resource Aware Inference For Block RAM                                     ; On                 ; On                 ;
; Synthesis Seed                                                             ; 1                  ; 1                  ;
+----------------------------------------------------------------------------+--------------------+--------------------+


Parallel compilation was disabled, but you have multiple processors available. Enable parallel compilation to reduce compilation time.
+-------------------------------------+
; Parallel Compilation                ;
+----------------------------+--------+
; Processors                 ; Number ;
+----------------------------+--------+
; Number detected on machine ; 4      ;
; Maximum allowed            ; 1      ;
+----------------------------+--------+


+------------------------------------------------------------------------------------------------------------------------------------------------------------------------------------------------------------------+
; Analysis & Synthesis Source Files Read                                                                                                                                                                           ;
+------------------------------------------------------------+-----------------+------------------------------+------------------------------------------------------------------------------------------+---------+
; File Name with User-Entered Path                           ; Used in Netlist ; File Type                    ; File Name with Absolute Path                                                             ; Library ;
+------------------------------------------------------------+-----------------+------------------------------+------------------------------------------------------------------------------------------+---------+
; memoria_instrucao.v                                        ; yes             ; User Verilog HDL File        ; D:/Workspaces/Github/PBL-SD-2/memoria_instrucao.v                                        ;         ;
; memoria_dado.v                                             ; yes             ; User Verilog HDL File        ; D:/Workspaces/Github/PBL-SD-2/memoria_dado.v                                             ;         ;
; PBL_2.v                                                    ; yes             ; User Verilog HDL File        ; D:/Workspaces/Github/PBL-SD-2/PBL_2.v                                                    ;         ;
; Components/ula_32_bits/ula_32_bits.v                       ; yes             ; User Verilog HDL File        ; D:/Workspaces/Github/PBL-SD-2/Components/ula_32_bits/ula_32_bits.v                       ;         ;
; Components/pc/pc.v                                         ; yes             ; User Verilog HDL File        ; D:/Workspaces/Github/PBL-SD-2/Components/pc/pc.v                                         ;         ;
; Components/extensor_de_sinal/extensor_de_sinal.v           ; yes             ; User Verilog HDL File        ; D:/Workspaces/Github/PBL-SD-2/Components/extensor_de_sinal/extensor_de_sinal.v           ;         ;
; Components/detector_de_flags/detector_de_flags.v           ; yes             ; User Verilog HDL File        ; D:/Workspaces/Github/PBL-SD-2/Components/detector_de_flags/detector_de_flags.v           ;         ;
; Components/banco_de_registradores/banco_de_registradores.v ; yes             ; User Verilog HDL File        ; D:/Workspaces/Github/PBL-SD-2/Components/banco_de_registradores/banco_de_registradores.v ;         ;
; unidade_de_controle_ULA.v                                  ; yes             ; User Verilog HDL File        ; D:/Workspaces/Github/PBL-SD-2/unidade_de_controle_ULA.v                                  ;         ;
; memoria_instrucao.in                                       ; yes             ; Auto-Found Unspecified File  ; D:/Workspaces/Github/PBL-SD-2/memoria_instrucao.in                                       ;         ;
; memoria_dado.in                                            ; yes             ; Auto-Found Unspecified File  ; D:/Workspaces/Github/PBL-SD-2/memoria_dado.in                                            ;         ;
+------------------------------------------------------------+-----------------+------------------------------+------------------------------------------------------------------------------------------+---------+


+---------------------------------------------+
; Analysis & Synthesis Resource Usage Summary ;
+--------------------------+------------------+
; Resource                 ; Usage            ;
+--------------------------+------------------+
; I/O pins                 ; 1                ;
; DSP block 9-bit elements ; 0                ;
; Maximum fan-out node     ; Clock_in         ;
; Maximum fan-out          ; 1                ;
; Total fan-out            ; 1                ;
; Average fan-out          ; 0.50             ;
+--------------------------+------------------+


+-----------------------------------------------------------------------------------------------------------------------------------------------------------------------------------------+
; Analysis & Synthesis Resource Utilization by Entity                                                                                                                                     ;
+----------------------------+-------------------+--------------+-------------+--------------+---------+-----------+-----------+------+--------------+---------------------+--------------+
; Compilation Hierarchy Node ; LC Combinationals ; LC Registers ; Memory Bits ; DSP Elements ; DSP 9x9 ; DSP 18x18 ; DSP 36x36 ; Pins ; Virtual Pins ; Full Hierarchy Name ; Library Name ;
+----------------------------+-------------------+--------------+-------------+--------------+---------+-----------+-----------+------+--------------+---------------------+--------------+
; |PBL_2                     ; 0 (0)             ; 0 (0)        ; 0           ; 0            ; 0       ; 0         ; 0         ; 1    ; 0            ; |PBL_2              ; work         ;
+----------------------------+-------------------+--------------+-------------+--------------+---------+-----------+-----------+------+--------------+---------------------+--------------+
Note: For table entries with two numbers listed, the numbers in parentheses indicate the number of resources of the given type used by the specific entity alone. The numbers listed outside of parentheses indicate the total resources of the given type used by the specific entity and all of its sub-entities in the hierarchy.


+------------------------------------------------------+
; General Register Statistics                          ;
+----------------------------------------------+-------+
; Statistic                                    ; Value ;
+----------------------------------------------+-------+
; Total registers                              ; 0     ;
; Number of registers using Synchronous Clear  ; 0     ;
; Number of registers using Synchronous Load   ; 0     ;
; Number of registers using Asynchronous Clear ; 0     ;
; Number of registers using Asynchronous Load  ; 0     ;
; Number of registers using Clock Enable       ; 0     ;
; Number of registers using Preset             ; 0     ;
+----------------------------------------------+-------+


+--------------------------------------------------------------+
; Parameter Settings for User Entity Instance: ula_32_bits:ULA ;
+------------------+-------+-----------------------------------+
; Parameter Name   ; Value ; Type                              ;
+------------------+-------+-----------------------------------+
; Opcode_not       ; 00000 ; Unsigned Binary                   ;
; Opcode_and       ; 00001 ; Unsigned Binary                   ;
; Opcode_and_not_A ; 00010 ; Unsigned Binary                   ;
; Opcode_and_not_B ; 00011 ; Unsigned Binary                   ;
; Opcode_nand      ; 00100 ; Unsigned Binary                   ;
; Opcode_or        ; 00101 ; Unsigned Binary                   ;
; Opcode_or_not_A  ; 00110 ; Unsigned Binary                   ;
; Opcode_or_not_B  ; 00111 ; Unsigned Binary                   ;
; Opcode_nor       ; 01000 ; Unsigned Binary                   ;
; Opcode_xor       ; 01001 ; Unsigned Binary                   ;
; Opcode_xnor      ; 01010 ; Unsigned Binary                   ;
; Opcode_add       ; 01011 ; Unsigned Binary                   ;
; Opcode_add_inc   ; 01100 ; Unsigned Binary                   ;
; Opcode_inc_A     ; 01101 ; Unsigned Binary                   ;
; Opcode_sub       ; 01110 ; Unsigned Binary                   ;
; Opcode_sub_dec   ; 01111 ; Unsigned Binary                   ;
; Opcode_dec_A     ; 10000 ; Unsigned Binary                   ;
; Opcode_lsl       ; 10001 ; Unsigned Binary                   ;
; Opcode_rsl       ; 10010 ; Unsigned Binary                   ;
; Opcode_asr       ; 10011 ; Unsigned Binary                   ;
+------------------+-------+-----------------------------------+
Note: In order to hide this table in the UI and the text report file, please set the "Show Parameter Settings in Synthesis Report" option in "Analysis and Synthesis Settings -> More Settings" to "Off".


+----------------------------------------------------------------------------------------+
; Parameter Settings for User Entity Instance: unidade_de_controle_ULA:UNIDADE_CONTR_ULA ;
+------------------+-------+-------------------------------------------------------------+
; Parameter Name   ; Value ; Type                                                        ;
+------------------+-------+-------------------------------------------------------------+
; Opula_add        ; 00000 ; Unsigned Binary                                             ;
; Opula_addinc     ; 00001 ; Unsigned Binary                                             ;
; Opula_inca       ; 00010 ; Unsigned Binary                                             ;
; Opula_subdec     ; 00011 ; Unsigned Binary                                             ;
; Opula_sub        ; 00100 ; Unsigned Binary                                             ;
; Opula_deca       ; 00101 ; Unsigned Binary                                             ;
; Opula_lsl        ; 00110 ; Unsigned Binary                                             ;
; Opula_rsl        ; 00111 ; Unsigned Binary                                             ;
; Opula_zeros      ; 01000 ; Unsigned Binary                                             ;
; Opula_and        ; 01001 ; Unsigned Binary                                             ;
; Opula_andnota    ; 01010 ; Unsigned Binary                                             ;
; Opula_andnotb    ; 01011 ; Unsigned Binary                                             ;
; Opula_passa      ; 01100 ; Unsigned Binary                                             ;
; Opula_passb      ; 01101 ; Unsigned Binary                                             ;
; Opula_xor        ; 01110 ; Unsigned Binary                                             ;
; Opula_or         ; 01111 ; Unsigned Binary                                             ;
; Opula_nand       ; 10000 ; Unsigned Binary                                             ;
; Opula_xnor       ; 10001 ; Unsigned Binary                                             ;
; Opula_passnota   ; 10010 ; Unsigned Binary                                             ;
; Opula_ornota     ; 10011 ; Unsigned Binary                                             ;
; Opula_ornotb     ; 10100 ; Unsigned Binary                                             ;
; Opula_nor        ; 10101 ; Unsigned Binary                                             ;
; Opula_ones       ; 10110 ; Unsigned Binary                                             ;
; Opula_asr        ; 10110 ; Unsigned Binary                                             ;
; Opcode_not       ; 00000 ; Unsigned Binary                                             ;
; Opcode_and       ; 00001 ; Unsigned Binary                                             ;
; Opcode_and_not_A ; 00010 ; Unsigned Binary                                             ;
; Opcode_and_not_B ; 00011 ; Unsigned Binary                                             ;
; Opcode_nand      ; 00100 ; Unsigned Binary                                             ;
; Opcode_or        ; 00101 ; Unsigned Binary                                             ;
; Opcode_or_not_A  ; 00110 ; Unsigned Binary                                             ;
; Opcode_or_not_B  ; 00111 ; Unsigned Binary                                             ;
; Opcode_nor       ; 01000 ; Unsigned Binary                                             ;
; Opcode_xor       ; 01001 ; Unsigned Binary                                             ;
; Opcode_xnor      ; 01010 ; Unsigned Binary                                             ;
; Opcode_add       ; 01011 ; Unsigned Binary                                             ;
; Opcode_add_inc   ; 01100 ; Unsigned Binary                                             ;
; Opcode_inc_A     ; 01101 ; Unsigned Binary                                             ;
; Opcode_sub       ; 01110 ; Unsigned Binary                                             ;
; Opcode_sub_dec   ; 01111 ; Unsigned Binary                                             ;
; Opcode_dec_A     ; 10000 ; Unsigned Binary                                             ;
; Opcode_lsl       ; 10001 ; Unsigned Binary                                             ;
; Opcode_rsl       ; 10010 ; Unsigned Binary                                             ;
; Opcode_asr       ; 10011 ; Unsigned Binary                                             ;
+------------------+-------+-------------------------------------------------------------+
Note: In order to hide this table in the UI and the text report file, please set the "Show Parameter Settings in Synthesis Report" option in "Analysis and Synthesis Settings -> More Settings" to "Off".


+-------------------------------------------------------------------------------------+
; Parameter Settings for User Entity Instance: memoria_instrucao:MEMORIA_DE_INSTRUCAO ;
+----------------+-------+------------------------------------------------------------+
; Parameter Name ; Value ; Type                                                       ;
+----------------+-------+------------------------------------------------------------+
; dim            ; 1024  ; Signed Integer                                             ;
+----------------+-------+------------------------------------------------------------+
Note: In order to hide this table in the UI and the text report file, please set the "Show Parameter Settings in Synthesis Report" option in "Analysis and Synthesis Settings -> More Settings" to "Off".


+----------------------------------------------------------------------------+
; Parameter Settings for User Entity Instance: memoria_dado:MEMORIA_DE_DADOS ;
+----------------+-------+---------------------------------------------------+
; Parameter Name ; Value ; Type                                              ;
+----------------+-------+---------------------------------------------------+
; dim            ; 1024  ; Signed Integer                                    ;
+----------------+-------+---------------------------------------------------+
Note: In order to hide this table in the UI and the text report file, please set the "Show Parameter Settings in Synthesis Report" option in "Analysis and Synthesis Settings -> More Settings" to "Off".


+----------------------------------------------------------------------------------------------------------------+
; Port Connectivity Checks: "memoria_dado:MEMORIA_DE_DADOS"                                                      ;
+------+--------+----------+-------------------------------------------------------------------------------------+
; Port ; Type   ; Severity ; Details                                                                             ;
+------+--------+----------+-------------------------------------------------------------------------------------+
; Q    ; Output ; Info     ; Connected to dangling logic. Logic that only feeds a dangling port will be removed. ;
+------+--------+----------+-------------------------------------------------------------------------------------+


+----------------------------------------------------------------------------------------------------------------+
; Port Connectivity Checks: "memoria_instrucao:MEMORIA_DE_INSTRUCAO"                                             ;
+------+--------+----------+-------------------------------------------------------------------------------------+
; Port ; Type   ; Severity ; Details                                                                             ;
+------+--------+----------+-------------------------------------------------------------------------------------+
; Q    ; Output ; Info     ; Connected to dangling logic. Logic that only feeds a dangling port will be removed. ;
+------+--------+----------+-------------------------------------------------------------------------------------+


+-----------------------------------------------------------------------------------------------------------------+
; Port Connectivity Checks: "banco_de_registradores:BANCO_DE_REGISTRADORES"                                       ;
+-------+--------+----------+-------------------------------------------------------------------------------------+
; Port  ; Type   ; Severity ; Details                                                                             ;
+-------+--------+----------+-------------------------------------------------------------------------------------+
; Out_1 ; Output ; Info     ; Connected to dangling logic. Logic that only feeds a dangling port will be removed. ;
; Out_2 ; Output ; Info     ; Connected to dangling logic. Logic that only feeds a dangling port will be removed. ;
+-------+--------+----------+-------------------------------------------------------------------------------------+


+----------------------------------------------------------------------------------------------------------------+
; Port Connectivity Checks: "extensor_de_sinal:EXTENSOR_DE_SINAL"                                                ;
+------+--------+----------+-------------------------------------------------------------------------------------+
; Port ; Type   ; Severity ; Details                                                                             ;
+------+--------+----------+-------------------------------------------------------------------------------------+
; Out  ; Output ; Info     ; Connected to dangling logic. Logic that only feeds a dangling port will be removed. ;
+------+--------+----------+-------------------------------------------------------------------------------------+


+----------------------------------------------------------------------------------------------------------------+
; Port Connectivity Checks: "pc:PC"                                                                              ;
+------+--------+----------+-------------------------------------------------------------------------------------+
; Port ; Type   ; Severity ; Details                                                                             ;
+------+--------+----------+-------------------------------------------------------------------------------------+
; Data ; Output ; Info     ; Connected to dangling logic. Logic that only feeds a dangling port will be removed. ;
+------+--------+----------+-------------------------------------------------------------------------------------+


+---------------------------------------------------------------------------------------------------------------------+
; Port Connectivity Checks: "unidade_de_controle_ULA:UNIDADE_CONTR_ULA"                                               ;
+-----------+--------+----------+-------------------------------------------------------------------------------------+
; Port      ; Type   ; Severity ; Details                                                                             ;
+-----------+--------+----------+-------------------------------------------------------------------------------------+
; Selection ; Output ; Info     ; Connected to dangling logic. Logic that only feeds a dangling port will be removed. ;
+-----------+--------+----------+-------------------------------------------------------------------------------------+


+---------------------------------------------------------------------------------------------------------------------+
; Port Connectivity Checks: "ula_32_bits:ULA"                                                                         ;
+-----------+--------+----------+-------------------------------------------------------------------------------------+
; Port      ; Type   ; Severity ; Details                                                                             ;
+-----------+--------+----------+-------------------------------------------------------------------------------------+
; Data_out  ; Output ; Info     ; Connected to dangling logic. Logic that only feeds a dangling port will be removed. ;
; Signal    ; Output ; Info     ; Connected to dangling logic. Logic that only feeds a dangling port will be removed. ;
; Overflow  ; Output ; Info     ; Connected to dangling logic. Logic that only feeds a dangling port will be removed. ;
; Carry_out ; Output ; Info     ; Connected to dangling logic. Logic that only feeds a dangling port will be removed. ;
; Zero      ; Output ; Info     ; Connected to dangling logic. Logic that only feeds a dangling port will be removed. ;
; Ready     ; Output ; Info     ; Connected to dangling logic. Logic that only feeds a dangling port will be removed. ;
+-----------+--------+----------+-------------------------------------------------------------------------------------+


+-------------------------------+
; Elapsed Time Per Partition    ;
+----------------+--------------+
; Partition Name ; Elapsed Time ;
+----------------+--------------+
; Top            ; 00:00:00     ;
+----------------+--------------+


+-------------------------------+
; Analysis & Synthesis Messages ;
+-------------------------------+
Info: *******************************************************************
Info: Running Quartus II 64-Bit Analysis & Synthesis
    Info: Version 13.0.1 Build 232 06/12/2013 Service Pack 1 SJ Web Edition
    Info: Processing started: Thu Mar 03 13:15:19 2016
Info: Command: quartus_map --read_settings_files=on --write_settings_files=off PBL-2 -c PBL-2
Warning (20028): Parallel compilation is not licensed and has been disabled
Info (12021): Found 1 design units, including 1 entities, in source file memoria_instrucao.v
    Info (12023): Found entity 1: memoria_instrucao
Info (12021): Found 1 design units, including 1 entities, in source file memoria_dado.v
    Info (12023): Found entity 1: memoria_dado
Info (12021): Found 1 design units, including 1 entities, in source file pbl_2.v
    Info (12023): Found entity 1: PBL_2
Info (12021): Found 1 design units, including 1 entities, in source file components/unidade_de_controle/unidade_de_controle.v
    Info (12023): Found entity 1: unidade_de_controle
Info (12021): Found 1 design units, including 1 entities, in source file components/ula_32_bits/ula_32_bits.v
    Info (12023): Found entity 1: ula_32_bits
Info (12021): Found 1 design units, including 1 entities, in source file components/pc/pc.v
    Info (12023): Found entity 1: pc
Info (12021): Found 1 design units, including 1 entities, in source file components/extensor_de_sinal/extensor_de_sinal.v
    Info (12023): Found entity 1: extensor_de_sinal
Info (12021): Found 1 design units, including 1 entities, in source file components/detector_de_flags/detector_de_flags.v
    Info (12023): Found entity 1: detector_de_flags
Info (12021): Found 1 design units, including 1 entities, in source file components/banco_de_registradores/banco_de_registradores.v
    Info (12023): Found entity 1: banco_de_registradores
Info (12021): Found 1 design units, including 1 entities, in source file unidade_de_controle_ula.v
    Info (12023): Found entity 1: unidade_de_controle_ULA
Info (12021): Found 1 design units, including 1 entities, in source file testador_salto.v
    Info (12023): Found entity 1: testador_salto
Info (12127): Elaborating entity "PBL_2" for the top level hierarchy
Info (12128): Elaborating entity "ula_32_bits" for hierarchy "ula_32_bits:ULA"
Warning (10272): Verilog HDL Case Statement warning at ula_32_bits.v(184): case item expression covers a value already covered by a previous case item
Warning (10270): Verilog HDL Case Statement warning at ula_32_bits.v(95): incomplete case statement has no default case item
Warning (10240): Verilog HDL Always Construct warning at ula_32_bits.v(91): inferring latch(es) for variable "Data_out", which holds its previous value in one or more paths through the always construct
Warning (10240): Verilog HDL Always Construct warning at ula_32_bits.v(91): inferring latch(es) for variable "S", which holds its previous value in one or more paths through the always construct
Warning (10240): Verilog HDL Always Construct warning at ula_32_bits.v(91): inferring latch(es) for variable "Carry_out", which holds its previous value in one or more paths through the always construct
Warning (10240): Verilog HDL Always Construct warning at ula_32_bits.v(91): inferring latch(es) for variable "Signal", which holds its previous value in one or more paths through the always construct
Info (10041): Inferred latch for "Signal" at ula_32_bits.v(194)
Info (10041): Inferred latch for "Carry_out" at ula_32_bits.v(194)
Info (10041): Inferred latch for "Data_out[0]" at ula_32_bits.v(194)
Info (10041): Inferred latch for "Data_out[1]" at ula_32_bits.v(194)
Info (10041): Inferred latch for "Data_out[2]" at ula_32_bits.v(194)
Info (10041): Inferred latch for "Data_out[3]" at ula_32_bits.v(194)
Info (10041): Inferred latch for "Data_out[4]" at ula_32_bits.v(194)
Info (10041): Inferred latch for "Data_out[5]" at ula_32_bits.v(194)
Info (10041): Inferred latch for "Data_out[6]" at ula_32_bits.v(194)
Info (10041): Inferred latch for "Data_out[7]" at ula_32_bits.v(194)
Info (10041): Inferred latch for "Data_out[8]" at ula_32_bits.v(194)
Info (10041): Inferred latch for "Data_out[9]" at ula_32_bits.v(194)
Info (10041): Inferred latch for "Data_out[10]" at ula_32_bits.v(194)
Info (10041): Inferred latch for "Data_out[11]" at ula_32_bits.v(194)
Info (10041): Inferred latch for "Data_out[12]" at ula_32_bits.v(194)
Info (10041): Inferred latch for "Data_out[13]" at ula_32_bits.v(194)
Info (10041): Inferred latch for "Data_out[14]" at ula_32_bits.v(194)
Info (10041): Inferred latch for "Data_out[15]" at ula_32_bits.v(194)
Info (10041): Inferred latch for "Data_out[16]" at ula_32_bits.v(194)
Info (10041): Inferred latch for "Data_out[17]" at ula_32_bits.v(194)
Info (10041): Inferred latch for "Data_out[18]" at ula_32_bits.v(194)
Info (10041): Inferred latch for "Data_out[19]" at ula_32_bits.v(194)
Info (10041): Inferred latch for "Data_out[20]" at ula_32_bits.v(194)
Info (10041): Inferred latch for "Data_out[21]" at ula_32_bits.v(194)
Info (10041): Inferred latch for "Data_out[22]" at ula_32_bits.v(194)
Info (10041): Inferred latch for "Data_out[23]" at ula_32_bits.v(194)
Info (10041): Inferred latch for "Data_out[24]" at ula_32_bits.v(194)
Info (10041): Inferred latch for "Data_out[25]" at ula_32_bits.v(194)
Info (10041): Inferred latch for "Data_out[26]" at ula_32_bits.v(194)
Info (10041): Inferred latch for "Data_out[27]" at ula_32_bits.v(194)
Info (10041): Inferred latch for "Data_out[28]" at ula_32_bits.v(194)
Info (10041): Inferred latch for "Data_out[29]" at ula_32_bits.v(194)
Info (10041): Inferred latch for "Data_out[30]" at ula_32_bits.v(194)
Info (10041): Inferred latch for "Data_out[31]" at ula_32_bits.v(194)
Info (12128): Elaborating entity "detector_de_flags" for hierarchy "ula_32_bits:ULA|detector_de_flags:U1"
Info (12128): Elaborating entity "unidade_de_controle_ULA" for hierarchy "unidade_de_controle_ULA:UNIDADE_CONTR_ULA"
Warning (10272): Verilog HDL Case Statement warning at unidade_de_controle_ULA.v(140): case item expression covers a value already covered by a previous case item
Warning (10270): Verilog HDL Case Statement warning at unidade_de_controle_ULA.v(66): incomplete case statement has no default case item
Warning (10240): Verilog HDL Always Construct warning at unidade_de_controle_ULA.v(66): inferring latch(es) for variable "Selection", which holds its previous value in one or more paths through the always construct
Info (10041): Inferred latch for "Selection[0]" at unidade_de_controle_ULA.v(66)
Info (10041): Inferred latch for "Selection[1]" at unidade_de_controle_ULA.v(66)
Info (10041): Inferred latch for "Selection[2]" at unidade_de_controle_ULA.v(66)
Info (10041): Inferred latch for "Selection[3]" at unidade_de_controle_ULA.v(66)
Info (10041): Inferred latch for "Selection[4]" at unidade_de_controle_ULA.v(66)
Info (12128): Elaborating entity "pc" for hierarchy "pc:PC"
Info (12128): Elaborating entity "extensor_de_sinal" for hierarchy "extensor_de_sinal:EXTENSOR_DE_SINAL"
Info (12128): Elaborating entity "banco_de_registradores" for hierarchy "banco_de_registradores:BANCO_DE_REGISTRADORES"
Warning (10027): Verilog HDL or VHDL warning at the banco_de_registradores.v(82): index expression is not wide enough to address all of the elements in the array
Warning (10027): Verilog HDL or VHDL warning at the banco_de_registradores.v(83): index expression is not wide enough to address all of the elements in the array
Info (12128): Elaborating entity "memoria_instrucao" for hierarchy "memoria_instrucao:MEMORIA_DE_INSTRUCAO"
Warning (10850): Verilog HDL warning at memoria_instrucao.v(24): number of words (0) in memory file does not match the number of elements in the address range [0:1023]
Warning (10175): Verilog HDL warning at memoria_instrucao.v(28): ignoring unsupported system task
Info (12128): Elaborating entity "memoria_dado" for hierarchy "memoria_dado:MEMORIA_DE_DADOS"
Warning (10850): Verilog HDL warning at memoria_dado.v(24): number of words (0) in memory file does not match the number of elements in the address range [0:1023]
Warning (10175): Verilog HDL warning at memoria_dado.v(28): ignoring unsupported system task
Info (16010): Generating hard_block partition "hard_block:auto_generated_inst"
    Info (16011): Adding 0 node(s), including 0 DDIO, 0 PLL, 0 transceiver and 0 LCELL
Warning (21074): Design contains 1 input pin(s) that do not drive logic
    Warning (15610): No output dependent on input pin "Clock_in"
Info (21057): Implemented 1 device resources after synthesis - the final resource count might be different
    Info (21058): Implemented 1 input pins
    Info (21059): Implemented 0 output pins
Info: Quartus II 64-Bit Analysis & Synthesis was successful. 0 errors, 18 warnings
    Info: Peak virtual memory: 638 megabytes
    Info: Processing ended: Thu Mar 03 13:15:27 2016
    Info: Elapsed time: 00:00:08
    Info: Total CPU time (on all processors): 00:00:08


