Flow report for not_32_bits
Tue Feb 16 09:11:56 2016
Quartus II 64-Bit Version 13.0.1 Build 232 06/12/2013 Service Pack 1 SJ Web Edition


---------------------
; Table of Contents ;
---------------------
  1. Legal Notice
  2. Flow Summary
  3. Flow Settings
  4. Flow Non-Default Global Settings
  5. Flow Elapsed Time
  6. Flow OS Summary
  7. Flow Log
  8. Flow Messages
  9. Flow Suppressed Messages



----------------
; Legal Notice ;
----------------
Copyright (C) 1991-2013 Altera Corporation
Your use of Altera Corporation's design tools, logic functions 
and other software and tools, and its AMPP partner logic 
functions, and any output files from any of the foregoing 
(including device programming or simulation files), and any 
associated documentation or information are expressly subject 
to the terms and conditions of the Altera Program License 
Subscription Agreement, Altera MegaCore Function License 
Agreement, or other applicable license agreement, including, 
without limitation, that your use is for the sole purpose of 
programming logic devices manufactured by Altera and sold by 
Altera or its authorized distributors.  Please refer to the 
applicable agreement for further details.



+--------------------------------------------------------------------------------------+
; Flow Summary                                                                         ;
+------------------------------------+-------------------------------------------------+
; Flow Status                        ; Successful - Tue Feb 16 09:11:56 2016           ;
; Quartus II 64-Bit Version          ; 13.0.1 Build 232 06/12/2013 SP 1 SJ Web Edition ;
; Revision Name                      ; not_32_bits                                     ;
; Top-level Entity Name              ; not_32_bits                                     ;
; Family                             ; Cyclone IV GX                                   ;
; Total logic elements               ; 0 / 21,280 ( 0 % )                              ;
;     Total combinational functions  ; 0 / 21,280 ( 0 % )                              ;
;     Dedicated logic registers      ; 0 / 21,280 ( 0 % )                              ;
; Total registers                    ; 0                                               ;
; Total pins                         ; 64 / 167 ( 38 % )                               ;
; Total virtual pins                 ; 0                                               ;
; Total memory bits                  ; 0 / 774,144 ( 0 % )                             ;
; Embedded Multiplier 9-bit elements ; 0 / 80 ( 0 % )                                  ;
; Total GXB Receiver Channel PCS     ; 0 / 4 ( 0 % )                                   ;
; Total GXB Receiver Channel PMA     ; 0 / 4 ( 0 % )                                   ;
; Total GXB Transmitter Channel PCS  ; 0 / 4 ( 0 % )                                   ;
; Total GXB Transmitter Channel PMA  ; 0 / 4 ( 0 % )                                   ;
; Total PLLs                         ; 0 / 4 ( 0 % )                                   ;
; Device                             ; EP4CGX22CF19C6                                  ;
; Timing Models                      ; Final                                           ;
+------------------------------------+-------------------------------------------------+


+-----------------------------------------+
; Flow Settings                           ;
+-------------------+---------------------+
; Option            ; Setting             ;
+-------------------+---------------------+
; Start date & time ; 02/16/2016 09:11:35 ;
; Main task         ; Compilation         ;
; Revision Name     ; not_32_bits         ;
+-------------------+---------------------+


+------------------------------------------------------------------------------------------------------------------------+
; Flow Non-Default Global Settings                                                                                       ;
+--------------------------------------+--------------------------------+---------------+-------------+------------------+
; Assignment Name                      ; Value                          ; Default Value ; Entity Name ; Section Id       ;
+--------------------------------------+--------------------------------+---------------+-------------+------------------+
; COMPILER_SIGNATURE_ID                ; 66485671310501.145562469506028 ; --            ; --          ; --               ;
; EDA_DESIGN_INSTANCE_NAME             ; NA                             ; --            ; --          ; not_32_bits_TB.v ;
; EDA_NATIVELINK_SIMULATION_TEST_BENCH ; not_32_bits_TB.v               ; --            ; --          ; eda_simulation   ;
; EDA_OUTPUT_DATA_FORMAT               ; Vhdl                           ; --            ; --          ; eda_simulation   ;
; EDA_SIMULATION_TOOL                  ; ModelSim-Altera (VHDL)         ; <None>        ; --          ; --               ;
; EDA_TEST_BENCH_ENABLE_STATUS         ; TEST_BENCH_MODE                ; --            ; --          ; eda_simulation   ;
; EDA_TEST_BENCH_FILE                  ; not_32_bits_TB.v               ; --            ; --          ; not_32_bits_TB.v ;
; EDA_TEST_BENCH_MODULE_NAME           ; not_32_bits_TB.v               ; --            ; --          ; not_32_bits_TB.v ;
; EDA_TEST_BENCH_NAME                  ; not_32_bits_TB.v               ; --            ; --          ; eda_simulation   ;
; PARTITION_COLOR                      ; 16764057                       ; --            ; --          ; Top              ;
; PARTITION_FITTER_PRESERVATION_LEVEL  ; PLACEMENT_AND_ROUTING          ; --            ; --          ; Top              ;
; PARTITION_NETLIST_TYPE               ; SOURCE                         ; --            ; --          ; Top              ;
; PROJECT_OUTPUT_DIRECTORY             ; output_files                   ; --            ; --          ; --               ;
+--------------------------------------+--------------------------------+---------------+-------------+------------------+


+-------------------------------------------------------------------------------------------------------------------------------+
; Flow Elapsed Time                                                                                                             ;
+---------------------------+--------------+-------------------------+---------------------+------------------------------------+
; Module Name               ; Elapsed Time ; Average Processors Used ; Peak Virtual Memory ; Total CPU Time (on all processors) ;
+---------------------------+--------------+-------------------------+---------------------+------------------------------------+
; Analysis & Synthesis      ; 00:00:01     ; 1.0                     ; 492 MB              ; 00:00:01                           ;
; Fitter                    ; 00:00:11     ; 1.0                     ; 793 MB              ; 00:00:10                           ;
; Assembler                 ; 00:00:02     ; 1.0                     ; 461 MB              ; 00:00:02                           ;
; TimeQuest Timing Analyzer ; 00:00:03     ; 1.0                     ; 460 MB              ; 00:00:03                           ;
; EDA Netlist Writer        ; 00:00:01     ; 1.0                     ; 427 MB              ; 00:00:01                           ;
; Total                     ; 00:00:18     ; --                      ; --                  ; 00:00:17                           ;
+---------------------------+--------------+-------------------------+---------------------+------------------------------------+


+----------------------------------------------------------------------------------------+
; Flow OS Summary                                                                        ;
+---------------------------+------------------+-----------+------------+----------------+
; Module Name               ; Machine Hostname ; OS Name   ; OS Version ; Processor type ;
+---------------------------+------------------+-----------+------------+----------------+
; Analysis & Synthesis      ; Nathan-PC        ; Windows 7 ; 6.1        ; x86_64         ;
; Fitter                    ; Nathan-PC        ; Windows 7 ; 6.1        ; x86_64         ;
; Assembler                 ; Nathan-PC        ; Windows 7 ; 6.1        ; x86_64         ;
; TimeQuest Timing Analyzer ; Nathan-PC        ; Windows 7 ; 6.1        ; x86_64         ;
; EDA Netlist Writer        ; Nathan-PC        ; Windows 7 ; 6.1        ; x86_64         ;
+---------------------------+------------------+-----------+------------+----------------+


------------
; Flow Log ;
------------
quartus_map --read_settings_files=on --write_settings_files=off not_32_bits -c not_32_bits
quartus_fit --read_settings_files=off --write_settings_files=off not_32_bits -c not_32_bits
quartus_asm --read_settings_files=off --write_settings_files=off not_32_bits -c not_32_bits
quartus_sta not_32_bits -c not_32_bits
quartus_eda --read_settings_files=off --write_settings_files=off not_32_bits -c not_32_bits



